<?xml version="1.0" encoding="UTF-8"?>
<testsuite xmlns:xsi="http://www.w3.org/2001/XMLSchema-instance" xsi:noNamespaceSchemaLocation="https://maven.apache.org/surefire/maven-surefire-plugin/xsd/surefire-test-report-3.0.xsd" version="3.0" name="com.github.krzwier.FactorialControllerTest" time="5.77" tests="7" errors="0" skipped="0" failures="0">
  <properties>
[...]
</properties>
  <testcase name="FactorialController_Input100_Returns200" classname="com.github.krzwier.FactorialControllerTest" time="0.905">
    <system-out><![CDATA[22:56:57.769 [main] DEBUG org.springframework.test.context.BootstrapUtils - Instantiating CacheAwareContextLoaderDelegate from class [org.springframework.test.context.cache.DefaultCacheAwareContextLoaderDelegate]
22:56:57.859 [main] DEBUG org.springframework.test.context.BootstrapUtils - Instantiating BootstrapContext using constructor [public org.springframework.test.context.support.DefaultBootstrapContext(java.lang.Class,org.springframework.test.context.CacheAwareContextLoaderDelegate)]
22:56:58.086 [main] DEBUG org.springframework.test.context.BootstrapUtils - Instantiating TestContextBootstrapper for test class [com.github.krzwier.FactorialControllerTest] from class [org.springframework.boot.test.context.SpringBootTestContextBootstrapper]
22:56:58.113 [main] INFO org.springframework.boot.test.context.SpringBootTestContextBootstrapper - Neither @ContextConfiguration nor @ContextHierarchy found for test class [com.github.krzwier.FactorialControllerTest], using SpringBootContextLoader
22:56:58.126 [main] DEBUG org.springframework.test.context.support.AbstractContextLoader - Did not detect default resource location for test class [com.github.krzwier.FactorialControllerTest]: class path resource [com/github/krzwier/FactorialControllerTest-context.xml] does not exist
22:56:58.127 [main] DEBUG org.springframework.test.context.support.AbstractContextLoader - Did not detect default resource location for test class [com.github.krzwier.FactorialControllerTest]: class path resource [com/github/krzwier/FactorialControllerTestContext.groovy] does not exist
22:56:58.127 [main] INFO org.springframework.test.context.support.AbstractContextLoader - Could not detect default resource locations for test class [com.github.krzwier.FactorialControllerTest]: no resource found for suffixes {-context.xml, Context.groovy}.
22:56:58.132 [main] INFO org.springframework.test.context.support.AnnotationConfigContextLoaderUtils - Could not detect default configuration classes for test class [com.github.krzwier.FactorialControllerTest]: FactorialControllerTest does not declare any static, non-private, non-final, nested classes annotated with @Configuration.
22:56:58.303 [main] DEBUG org.springframework.test.context.support.ActiveProfilesUtils - Could not find an 'annotation declaring class' for annotation type [org.springframework.test.context.ActiveProfiles] and class [com.github.krzwier.FactorialControllerTest]
22:56:58.495 [main] DEBUG org.springframework.context.annotation.ClassPathScanningCandidateComponentProvider - Identified candidate component class: file [/Users/krzwier/Dropbox/GitHub/factorial/backend/target/classes/com/github/krzwier/KrzwierApplication.class]
22:56:58.499 [main] INFO org.springframework.boot.test.context.SpringBootTestContextBootstrapper - Found @SpringBootConfiguration com.github.krzwier.KrzwierApplication for test class com.github.krzwier.FactorialControllerTest
22:56:58.839 [main] DEBUG org.springframework.boot.test.context.SpringBootTestContextBootstrapper - @TestExecutionListeners is not present for class [com.github.krzwier.FactorialControllerTest]: using defaults.
22:56:58.840 [main] INFO org.springframework.boot.test.context.SpringBootTestContextBootstrapper - Loaded default TestExecutionListener class names from location [META-INF/spring.factories]: [org.springframework.boot.test.mock.mockito.MockitoTestExecutionListener, org.springframework.boot.test.mock.mockito.ResetMocksTestExecutionListener, org.springframework.boot.test.autoconfigure.restdocs.RestDocsTestExecutionListener, org.springframework.boot.test.autoconfigure.web.client.MockRestServiceServerResetTestExecutionListener, org.springframework.boot.test.autoconfigure.web.servlet.MockMvcPrintOnlyOnFailureTestExecutionListener, org.springframework.boot.test.autoconfigure.web.servlet.WebDriverTestExecutionListener, org.springframework.boot.test.autoconfigure.webservices.client.MockWebServiceServerTestExecutionListener, org.springframework.test.context.web.ServletTestExecutionListener, org.springframework.test.context.support.DirtiesContextBeforeModesTestExecutionListener, org.springframework.test.context.event.ApplicationEventsTestExecutionListener, org.springframework.test.context.support.DependencyInjectionTestExecutionListener, org.springframework.test.context.support.DirtiesContextTestExecutionListener, org.springframework.test.context.transaction.TransactionalTestExecutionListener, org.springframework.test.context.jdbc.SqlScriptsTestExecutionListener, org.springframework.test.context.event.EventPublishingTestExecutionListener]
22:56:58.882 [main] DEBUG org.springframework.boot.test.context.SpringBootTestContextBootstrapper - Skipping candidate TestExecutionListener [org.springframework.test.context.transaction.TransactionalTestExecutionListener] due to a missing dependency. Specify custom listener classes or make the default listener classes and their required dependencies available. Offending class: [org/springframework/transaction/TransactionDefinition]
22:56:58.882 [main] DEBUG org.springframework.boot.test.context.SpringBootTestContextBootstrapper - Skipping candidate TestExecutionListener [org.springframework.test.context.jdbc.SqlScriptsTestExecutionListener] due to a missing dependency. Specify custom listener classes or make the default listener classes and their required dependencies available. Offending class: [org/springframework/transaction/interceptor/TransactionAttribute]
22:56:58.883 [main] INFO org.springframework.boot.test.context.SpringBootTestContextBootstrapper - Using TestExecutionListeners: [org.springframework.test.context.web.ServletTestExecutionListener@2aac6fa7, org.springframework.test.context.support.DirtiesContextBeforeModesTestExecutionListener@29a1ec65, org.springframework.test.context.event.ApplicationEventsTestExecutionListener@625db0e0, org.springframework.boot.test.mock.mockito.MockitoTestExecutionListener@511d568f, org.springframework.boot.test.autoconfigure.SpringBootDependencyInjectionTestExecutionListener@1805ca5c, org.springframework.test.context.support.DirtiesContextTestExecutionListener@3e61cffd, org.springframework.test.context.event.EventPublishingTestExecutionListener@3134b261, org.springframework.boot.test.mock.mockito.ResetMocksTestExecutionListener@aa633e6, org.springframework.boot.test.autoconfigure.restdocs.RestDocsTestExecutionListener@3cc74fc4, org.springframework.boot.test.autoconfigure.web.client.MockRestServiceServerResetTestExecutionListener@c697186, org.springframework.boot.test.autoconfigure.web.servlet.MockMvcPrintOnlyOnFailureTestExecutionListener@185a7dd0, org.springframework.boot.test.autoconfigure.web.servlet.WebDriverTestExecutionListener@2358443e, org.springframework.boot.test.autoconfigure.webservices.client.MockWebServiceServerTestExecutionListener@25e796fe]
22:56:58.891 [main] DEBUG org.springframework.test.context.support.AbstractDirtiesContextTestExecutionListener - Before test class: context [DefaultTestContext@55a055cc testClass = FactorialControllerTest, testInstance = [null], testMethod = [null], testException = [null], mergedContextConfiguration = [WebMergedContextConfiguration@1ab1d93d testClass = FactorialControllerTest, locations = '{}', classes = '{class com.github.krzwier.KrzwierApplication}', contextInitializerClasses = '[]', activeProfiles = '{}', propertySourceLocations = '{}', propertySourceProperties = '{org.springframework.boot.test.context.SpringBootTestContextBootstrapper=true}', contextCustomizers = set[[ImportsContextCustomizer@57167ccb key = [org.springframework.boot.test.autoconfigure.web.servlet.MockMvcAutoConfiguration, org.springframework.boot.test.autoconfigure.web.servlet.MockMvcWebClientAutoConfiguration, org.springframework.boot.test.autoconfigure.web.servlet.MockMvcWebDriverAutoConfiguration, org.springframework.boot.autoconfigure.security.oauth2.client.servlet.OAuth2ClientAutoConfiguration, org.springframework.boot.autoconfigure.security.oauth2.resource.servlet.OAuth2ResourceServerAutoConfiguration, org.springframework.boot.autoconfigure.security.servlet.SecurityAutoConfiguration, org.springframework.boot.autoconfigure.security.servlet.SecurityFilterAutoConfiguration, org.springframework.boot.autoconfigure.security.servlet.UserDetailsServiceAutoConfiguration, org.springframework.boot.test.autoconfigure.web.servlet.MockMvcSecurityConfiguration]], org.springframework.boot.test.context.filter.ExcludeFilterContextCustomizer@797fcf9, org.springframework.boot.test.json.DuplicateJsonObjectContextCustomizerFactory$DuplicateJsonObjectContextCustomizer@370c9018, org.springframework.boot.test.mock.mockito.MockitoContextCustomizer@0, org.springframework.boot.test.web.client.TestRestTemplateContextCustomizer@372f0a99, org.springframework.boot.test.autoconfigure.actuate.metrics.MetricsExportContextCustomizerFactory$DisableMetricExportContextCustomizer@2a0b901c, org.springframework.boot.test.autoconfigure.properties.PropertyMappingContextCustomizer@4b3fa0b3, org.springframework.boot.test.autoconfigure.web.servlet.WebDriverContextCustomizerFactory$Customizer@d2708a7, org.springframework.boot.test.context.SpringBootTestArgs@1, org.springframework.boot.test.context.SpringBootTestWebEnvironment@21ae6e73], resourceBasePath = 'src/main/webapp', contextLoader = 'org.springframework.boot.test.context.SpringBootContextLoader', parent = [null]], attributes = map['org.springframework.test.context.web.ServletTestExecutionListener.activateListener' -> true]], class annotated with @DirtiesContext [false] with mode [null].
22:56:58.966 [main] DEBUG org.springframework.test.context.support.TestPropertySourceUtils - Adding inlined properties to environment: {spring.jmx.enabled=false, org.springframework.boot.test.context.SpringBootTestContextBootstrapper=true}

  .   ____          _            __ _ _
 /\\ / ___'_ __ _ _(_)_ __  __ _ \ \ \ \
( ( )\___ | '_ | '_| | '_ \/ _` | \ \ \ \
 \\/  ___)| |_)| | | | | || (_| |  ) ) ) )
  '  |____| .__|_| |_|_| |_\__, | / / / /
 =========|_|==============|___/=/_/_/_/
 :: Spring Boot ::                (v2.5.0)

2021-06-22 22:56:59.773  INFO 43640 --- [           main] c.g.krzwier.FactorialControllerTest      : Starting FactorialControllerTest using Java 11.0.1 on leibniz with PID 43640 (started by krzwier in /Users/krzwier/Dropbox/GitHub/factorial/backend)
2021-06-22 22:56:59.778  INFO 43640 --- [           main] c.g.krzwier.FactorialControllerTest      : No active profile set, falling back to default profiles: default
2021-06-22 22:57:02.201  INFO 43640 --- [           main] o.s.b.t.m.w.SpringBootMockServletContext : Initializing Spring TestDispatcherServlet ''
2021-06-22 22:57:02.201  INFO 43640 --- [           main] o.s.t.web.servlet.TestDispatcherServlet  : Initializing Servlet ''
2021-06-22 22:57:02.204  INFO 43640 --- [           main] o.s.t.web.servlet.TestDispatcherServlet  : Completed initialization in 2 ms
2021-06-22 22:57:02.240  INFO 43640 --- [           main] c.g.krzwier.FactorialControllerTest      : Started FactorialControllerTest in 3.252 seconds (JVM running for 6.386)
2021-06-22 22:57:02.242  INFO 43640 --- [           main] o.s.b.a.ApplicationAvailabilityBean      : Application availability state LivenessState changed to CORRECT
2021-06-22 22:57:02.244  INFO 43640 --- [           main] o.s.b.a.ApplicationAvailabilityBean      : Application availability state ReadinessState changed to ACCEPTING_TRAFFIC
]]></system-out>
  </testcase>
  <testcase name="FactorialController_InputNonInteger_Returns400" classname="com.github.krzwier.FactorialControllerTest" time="0.028"/>
  <testcase name="FactorialController_InputEmpty_Returns400" classname="com.github.krzwier.FactorialControllerTest" time="0.01"/>
  <testcase name="FactorialController_Input100_ExpectHuge" classname="com.github.krzwier.FactorialControllerTest" time="0.012"/>
  <testcase name="FactorialController_Input5_Expect120" classname="com.github.krzwier.FactorialControllerTest" time="0.008"/>
  <testcase name="FactorialController_InputHello_Returns400" classname="com.github.krzwier.FactorialControllerTest" time="0.01"/>
  <testcase name="FactorialController_Input5_Returns200" classname="com.github.krzwier.FactorialControllerTest" time="0.005"/>
</testsuite>