<?xml version="1.0" encoding="UTF-8"?>
<testsuite xmlns:xsi="http://www.w3.org/2001/XMLSchema-instance" xsi:noNamespaceSchemaLocation="https://maven.apache.org/surefire/maven-surefire-plugin/xsd/surefire-test-report-3.0.xsd" version="3.0" name="com.github.krzwier.KrzwierApplicationTests" time="0.754" tests="1" errors="0" skipped="0" failures="0">
  <properties>
[...]
</properties>
  <testcase name="contextLoads" classname="com.github.krzwier.KrzwierApplicationTests" time="0.004">
    <system-out><![CDATA[2021-06-22 22:57:03.322  INFO 43640 --- [           main] .b.t.c.SpringBootTestContextBootstrapper : Neither @ContextConfiguration nor @ContextHierarchy found for test class [com.github.krzwier.KrzwierApplicationTests], using SpringBootContextLoader
2021-06-22 22:57:03.323  INFO 43640 --- [           main] o.s.t.c.support.AbstractContextLoader    : Could not detect default resource locations for test class [com.github.krzwier.KrzwierApplicationTests]: no resource found for suffixes {-context.xml, Context.groovy}.
2021-06-22 22:57:03.324  INFO 43640 --- [           main] t.c.s.AnnotationConfigContextLoaderUtils : Could not detect default configuration classes for test class [com.github.krzwier.KrzwierApplicationTests]: KrzwierApplicationTests does not declare any static, non-private, non-final, nested classes annotated with @Configuration.
2021-06-22 22:57:03.326  INFO 43640 --- [           main] .b.t.c.SpringBootTestContextBootstrapper : Found @SpringBootConfiguration com.github.krzwier.KrzwierApplication for test class com.github.krzwier.KrzwierApplicationTests
2021-06-22 22:57:03.329  INFO 43640 --- [           main] .b.t.c.SpringBootTestContextBootstrapper : Loaded default TestExecutionListener class names from location [META-INF/spring.factories]: [org.springframework.boot.test.mock.mockito.MockitoTestExecutionListener, org.springframework.boot.test.mock.mockito.ResetMocksTestExecutionListener, org.springframework.boot.test.autoconfigure.restdocs.RestDocsTestExecutionListener, org.springframework.boot.test.autoconfigure.web.client.MockRestServiceServerResetTestExecutionListener, org.springframework.boot.test.autoconfigure.web.servlet.MockMvcPrintOnlyOnFailureTestExecutionListener, org.springframework.boot.test.autoconfigure.web.servlet.WebDriverTestExecutionListener, org.springframework.boot.test.autoconfigure.webservices.client.MockWebServiceServerTestExecutionListener, org.springframework.test.context.web.ServletTestExecutionListener, org.springframework.test.context.support.DirtiesContextBeforeModesTestExecutionListener, org.springframework.test.context.event.ApplicationEventsTestExecutionListener, org.springframework.test.context.support.DependencyInjectionTestExecutionListener, org.springframework.test.context.support.DirtiesContextTestExecutionListener, org.springframework.test.context.transaction.TransactionalTestExecutionListener, org.springframework.test.context.jdbc.SqlScriptsTestExecutionListener, org.springframework.test.context.event.EventPublishingTestExecutionListener]
2021-06-22 22:57:03.330  INFO 43640 --- [           main] .b.t.c.SpringBootTestContextBootstrapper : Using TestExecutionListeners: [org.springframework.test.context.web.ServletTestExecutionListener@51724715, org.springframework.test.context.support.DirtiesContextBeforeModesTestExecutionListener@c94f22d, org.springframework.test.context.event.ApplicationEventsTestExecutionListener@28cb3e1e, org.springframework.boot.test.mock.mockito.MockitoTestExecutionListener@7eb0ea3e, org.springframework.boot.test.autoconfigure.SpringBootDependencyInjectionTestExecutionListener@3db95012, org.springframework.test.context.support.DirtiesContextTestExecutionListener@1697d812, org.springframework.test.context.event.EventPublishingTestExecutionListener@675d3f10, org.springframework.boot.test.mock.mockito.ResetMocksTestExecutionListener@1ec5c8df, org.springframework.boot.test.autoconfigure.restdocs.RestDocsTestExecutionListener@698b32d5, org.springframework.boot.test.autoconfigure.web.client.MockRestServiceServerResetTestExecutionListener@41f420be, org.springframework.boot.test.autoconfigure.web.servlet.MockMvcPrintOnlyOnFailureTestExecutionListener@4fdf322f, org.springframework.boot.test.autoconfigure.web.servlet.WebDriverTestExecutionListener@7f6c983b, org.springframework.boot.test.autoconfigure.webservices.client.MockWebServiceServerTestExecutionListener@4f410099]

  .   ____          _            __ _ _
 /\\ / ___'_ __ _ _(_)_ __  __ _ \ \ \ \
( ( )\___ | '_ | '_| | '_ \/ _` | \ \ \ \
 \\/  ___)| |_)| | | | | || (_| |  ) ) ) )
  '  |____| .__|_| |_|_| |_\__, | / / / /
 =========|_|==============|___/=/_/_/_/
 :: Spring Boot ::                (v2.5.0)

2021-06-22 22:57:03.417  INFO 43640 --- [           main] c.g.krzwier.KrzwierApplicationTests      : Starting KrzwierApplicationTests using Java 11.0.1 on leibniz with PID 43640 (started by krzwier in /Users/krzwier/Dropbox/GitHub/factorial/backend)
2021-06-22 22:57:03.422  INFO 43640 --- [           main] c.g.krzwier.KrzwierApplicationTests      : No active profile set, falling back to default profiles: default
2021-06-22 22:57:04.058  INFO 43640 --- [           main] c.g.krzwier.KrzwierApplicationTests      : Started KrzwierApplicationTests in 0.717 seconds (JVM running for 8.203)
2021-06-22 22:57:04.059  INFO 43640 --- [           main] o.s.b.a.ApplicationAvailabilityBean      : Application availability state LivenessState changed to CORRECT
2021-06-22 22:57:04.060  INFO 43640 --- [           main] o.s.b.a.ApplicationAvailabilityBean      : Application availability state ReadinessState changed to ACCEPTING_TRAFFIC
]]></system-out>
  </testcase>
</testsuite>